<?xml version="1.0" encoding="UTF-8"?>
<coverage generated="1564138099597" clover="3.2.0">
  <project timestamp="1564138099597" name="All files">
    <metrics statements="93" coveredstatements="93" conditionals="77" coveredconditionals="75" methods="23" coveredmethods="23" elements="193" coveredelements="191" complexity="0" loc="93" ncloc="93" packages="1" files="8" classes="8"/>
    <file name="Link.tsx" path="C:\Users\EDZ\OneDrive\repo\houter\src\Link.tsx">
      <metrics statements="10" coveredstatements="10" conditionals="8" coveredconditionals="8" methods="2" coveredmethods="2"/>
      <line num="4" count="1" type="stmt"/>
      <line num="5" count="8" type="stmt"/>
      <line num="6" count="6" type="cond" truecount="2" falsecount="0"/>
      <line num="7" count="6" type="stmt"/>
      <line num="9" count="3" type="cond" truecount="2" falsecount="0"/>
      <line num="10" count="2" type="stmt"/>
      <line num="12" count="3" type="cond" truecount="2" falsecount="0"/>
      <line num="17" count="6" type="stmt"/>
      <line num="18" count="6" type="cond" truecount="2" falsecount="0"/>
      <line num="23" count="6" type="stmt"/>
    </file>
    <file name="Redirect.tsx" path="C:\Users\EDZ\OneDrive\repo\houter\src\Redirect.tsx">
      <metrics statements="6" coveredstatements="6" conditionals="4" coveredconditionals="4" methods="2" coveredmethods="2"/>
      <line num="4" count="1" type="stmt"/>
      <line num="5" count="2" type="stmt"/>
      <line num="7" count="2" type="stmt"/>
      <line num="8" count="2" type="cond" truecount="2" falsecount="0"/>
      <line num="9" count="2" type="cond" truecount="2" falsecount="0"/>
      <line num="11" count="2" type="stmt"/>
    </file>
    <file name="Route.tsx" path="C:\Users\EDZ\OneDrive\repo\houter\src\Route.tsx">
      <metrics statements="16" coveredstatements="16" conditionals="25" coveredconditionals="25" methods="3" coveredmethods="3"/>
      <line num="7" count="2" type="stmt"/>
      <line num="11" count="29" type="stmt"/>
      <line num="12" count="27" type="cond" truecount="2" falsecount="0"/>
      <line num="13" count="27" type="stmt"/>
      <line num="14" count="27" type="cond" truecount="4" falsecount="0"/>
      <line num="15" count="9" type="stmt"/>
      <line num="19" count="27" type="cond" truecount="2" falsecount="0"/>
      <line num="22" count="27" type="stmt"/>
      <line num="26" count="2" type="stmt"/>
      <line num="37" count="19" type="stmt"/>
      <line num="46" count="17" type="cond" truecount="2" falsecount="0"/>
      <line num="47" count="17" type="cond" truecount="4" falsecount="0"/>
      <line num="48" count="1" type="stmt"/>
      <line num="50" count="17" type="cond" truecount="2" falsecount="0"/>
      <line num="51" count="2" type="stmt"/>
      <line num="53" count="17" type="stmt"/>
    </file>
    <file name="Router.tsx" path="C:\Users\EDZ\OneDrive\repo\houter\src\Router.tsx">
      <metrics statements="22" coveredstatements="22" conditionals="2" coveredconditionals="2" methods="9" coveredmethods="9"/>
      <line num="11" count="5" type="stmt"/>
      <line num="12" count="39" type="stmt"/>
      <line num="18" count="39" type="stmt"/>
      <line num="25" count="5" type="stmt"/>
      <line num="26" count="48" type="stmt"/>
      <line num="27" count="48" type="cond" truecount="2" falsecount="0"/>
      <line num="28" count="44" type="stmt"/>
      <line num="30" count="4" type="stmt"/>
      <line num="34" count="5" type="stmt"/>
      <line num="35" count="39" type="stmt"/>
      <line num="36" count="24" type="stmt"/>
      <line num="43" count="39" type="stmt"/>
      <line num="44" count="23" type="stmt"/>
      <line num="45" count="14" type="stmt"/>
      <line num="47" count="23" type="stmt"/>
      <line num="49" count="39" type="stmt"/>
      <line num="54" count="5" type="stmt"/>
      <line num="55" count="2" type="stmt"/>
      <line num="56" count="2" type="stmt"/>
      <line num="59" count="5" type="stmt"/>
      <line num="60" count="6" type="stmt"/>
      <line num="61" count="6" type="stmt"/>
    </file>
    <file name="Switch.tsx" path="C:\Users\EDZ\OneDrive\repo\houter\src\Switch.tsx">
      <metrics statements="9" coveredstatements="9" conditionals="12" coveredconditionals="12" methods="2" coveredmethods="2"/>
      <line num="6" count="1" type="stmt"/>
      <line num="7" count="6" type="stmt"/>
      <line num="8" count="6" type="cond" truecount="2" falsecount="0"/>
      <line num="11" count="6" type="stmt"/>
      <line num="12" count="13" type="cond" truecount="4" falsecount="0"/>
      <line num="13" count="8" type="stmt"/>
      <line num="14" count="8" type="cond" truecount="2" falsecount="0"/>
      <line num="15" count="8" type="cond" truecount="2" falsecount="0"/>
      <line num="21" count="6" type="cond" truecount="2" falsecount="0"/>
    </file>
    <file name="context.ts" path="C:\Users\EDZ\OneDrive\repo\houter\src\context.ts">
      <metrics statements="1" coveredstatements="1" conditionals="0" coveredconditionals="0" methods="0" coveredmethods="0"/>
      <line num="5" count="5" type="stmt"/>
    </file>
    <file name="makeMatch.ts" path="C:\Users\EDZ\OneDrive\repo\houter\src\makeMatch.ts">
      <metrics statements="26" coveredstatements="26" conditionals="26" coveredconditionals="24" methods="4" coveredmethods="4"/>
      <line num="13" count="3" type="stmt"/>
      <line num="21" count="3" type="stmt"/>
      <line num="25" count="34" type="stmt"/>
      <line num="26" count="34" type="cond" truecount="2" falsecount="0"/>
      <line num="27" count="34" type="cond" truecount="2" falsecount="0"/>
      <line num="28" count="8" type="stmt"/>
      <line num="29" count="8" type="stmt"/>
      <line num="34" count="8" type="stmt"/>
      <line num="35" count="8" type="stmt"/>
      <line num="38" count="3" type="stmt"/>
      <line num="42" count="33" type="cond" truecount="4" falsecount="0"/>
      <line num="43" count="2" type="stmt"/>
      <line num="47" count="33" type="cond" truecount="3" falsecount="0"/>
      <line num="49" count="33" type="stmt"/>
      <line num="51" count="33" type="stmt"/>
      <line num="52" count="37" type="cond" truecount="2" falsecount="0"/>
      <line num="53" count="35" type="cond" truecount="2" falsecount="0"/>
      <line num="54" count="34" type="stmt"/>
      <line num="59" count="34" type="stmt"/>
      <line num="60" count="34" type="cond" truecount="2" falsecount="0"/>
      <line num="61" count="19" type="stmt"/>
      <line num="62" count="19" type="stmt"/>
      <line num="63" count="19" type="cond" truecount="3" falsecount="1"/>
      <line num="65" count="19" type="stmt"/>
      <line num="70" count="2" type="stmt"/>
      <line num="71" count="2" type="stmt"/>
    </file>
    <file name="use-location.ts" path="C:\Users\EDZ\OneDrive\repo\houter\src\use-location.ts">
      <metrics statements="3" coveredstatements="3" conditionals="0" coveredconditionals="0" methods="1" coveredmethods="1"/>
      <line num="4" count="2" type="stmt"/>
      <line num="5" count="10" type="stmt"/>
      <line num="7" count="8" type="stmt"/>
    </file>
  </project>
</coverage>
