{"C:\\Users\\EDZ\\OneDrive\\repo\\houter\\src\\Link.tsx": {"path":"C:\\Users\\EDZ\\OneDrive\\repo\\houter\\src\\Link.tsx","statementMap":{"0":{"start":{"line":4,"column":13},"end":{"line":24,"column":1}},"1":{"start":{"line":5,"column":20},"end":{"line":5,"column":33}},"2":{"start":{"line":6,"column":15},"end":{"line":6,"column":37}},"3":{"start":{"line":7,"column":22},"end":{"line":15,"column":3}},"4":{"start":{"line":9,"column":6},"end":{"line":11,"column":7}},"5":{"start":{"line":10,"column":8},"end":{"line":10,"column":32}},"6":{"start":{"line":12,"column":6},"end":{"line":12,"column":40}},"7":{"start":{"line":17,"column":23},"end":{"line":17,"column":63}},"8":{"start":{"line":18,"column":16},"end":{"line":22,"column":3}},"9":{"start":{"line":23,"column":2},"end":{"line":23,"column":49}}},"fnMap":{"0":{"name":"(anonymous_0)","decl":{"start":{"line":4,"column":13},"end":{"line":4,"column":14}},"loc":{"start":{"line":4,"column":35},"end":{"line":24,"column":1}},"line":4},"1":{"name":"(anonymous_1)","decl":{"start":{"line":8,"column":4},"end":{"line":8,"column":5}},"loc":{"start":{"line":8,"column":9},"end":{"line":13,"column":5}},"line":8}},"branchMap":{"0":{"loc":{"start":{"line":6,"column":15},"end":{"line":6,"column":37}},"type":"binary-expr","locations":[{"start":{"line":6,"column":15},"end":{"line":6,"column":25}},{"start":{"line":6,"column":29},"end":{"line":6,"column":37}}],"line":6},"1":{"loc":{"start":{"line":9,"column":6},"end":{"line":11,"column":7}},"type":"if","locations":[{"start":{"line":9,"column":6},"end":{"line":11,"column":7}},{"start":{"line":9,"column":6},"end":{"line":11,"column":7}}],"line":9},"2":{"loc":{"start":{"line":12,"column":6},"end":{"line":12,"column":39}},"type":"binary-expr","locations":[{"start":{"line":12,"column":6},"end":{"line":12,"column":19}},{"start":{"line":12,"column":23},"end":{"line":12,"column":39}}],"line":12},"3":{"loc":{"start":{"line":18,"column":16},"end":{"line":22,"column":3}},"type":"cond-expr","locations":[{"start":{"line":19,"column":4},"end":{"line":19,"column":18}},{"start":{"line":21,"column":4},"end":{"line":21,"column":20}}],"line":18}},"s":{"0":1,"1":8,"2":6,"3":6,"4":3,"5":2,"6":3,"7":6,"8":6,"9":6},"f":{"0":8,"1":3},"b":{"0":[6,2],"1":[2,1],"2":[3,2],"3":[5,1]},"_coverageSchema":"43e27e138ebf9cfc5966b082cf9a028302ed4184","hash":"bc10760abd49f603822446574da38782c801011c"}
,"C:\\Users\\EDZ\\OneDrive\\repo\\houter\\src\\Redirect.tsx": {"path":"C:\\Users\\EDZ\\OneDrive\\repo\\houter\\src\\Redirect.tsx","statementMap":{"0":{"start":{"line":4,"column":17},"end":{"line":12,"column":1}},"1":{"start":{"line":5,"column":20},"end":{"line":5,"column":33}},"2":{"start":{"line":7,"column":2},"end":{"line":10,"column":9}},"3":{"start":{"line":8,"column":17},"end":{"line":8,"column":39}},"4":{"start":{"line":9,"column":4},"end":{"line":9,"column":25}},"5":{"start":{"line":9,"column":14},"end":{"line":9,"column":25}},"6":{"start":{"line":11,"column":2},"end":{"line":11,"column":14}}},"fnMap":{"0":{"name":"(anonymous_0)","decl":{"start":{"line":4,"column":17},"end":{"line":4,"column":18}},"loc":{"start":{"line":4,"column":43},"end":{"line":12,"column":1}},"line":4},"1":{"name":"(anonymous_1)","decl":{"start":{"line":7,"column":18},"end":{"line":7,"column":19}},"loc":{"start":{"line":7,"column":24},"end":{"line":10,"column":3}},"line":7}},"branchMap":{"0":{"loc":{"start":{"line":8,"column":17},"end":{"line":8,"column":39}},"type":"binary-expr","locations":[{"start":{"line":8,"column":17},"end":{"line":8,"column":27}},{"start":{"line":8,"column":31},"end":{"line":8,"column":39}}],"line":8},"1":{"loc":{"start":{"line":9,"column":4},"end":{"line":9,"column":25}},"type":"if","locations":[{"start":{"line":9,"column":4},"end":{"line":9,"column":25}},{"start":{"line":9,"column":4},"end":{"line":9,"column":25}}],"line":9}},"s":{"0":1,"1":2,"2":2,"3":2,"4":2,"5":1,"6":2},"f":{"0":2,"1":2},"b":{"0":[2,2],"1":[1,1]},"_coverageSchema":"43e27e138ebf9cfc5966b082cf9a028302ed4184","hash":"9d2ae6efa2197a60d0ddd739b9fad840bd982948"}
,"C:\\Users\\EDZ\\OneDrive\\repo\\houter\\src\\Route.tsx": {"path":"C:\\Users\\EDZ\\OneDrive\\repo\\houter\\src\\Route.tsx","statementMap":{"0":{"start":{"line":7,"column":17},"end":{"line":24,"column":1}},"1":{"start":{"line":11,"column":14},"end":{"line":11,"column":25}},"2":{"start":{"line":12,"column":2},"end":{"line":12,"column":48}},"3":{"start":{"line":13,"column":2},"end":{"line":23,"column":31}},"4":{"start":{"line":14,"column":4},"end":{"line":18,"column":5}},"5":{"start":{"line":15,"column":6},"end":{"line":17,"column":8}},"6":{"start":{"line":19,"column":18},"end":{"line":21,"column":59}},"7":{"start":{"line":22,"column":4},"end":{"line":22,"column":75}},"8":{"start":{"line":26,"column":14},"end":{"line":66,"column":1}},"9":{"start":{"line":37,"column":16},"end":{"line":45,"column":3}},"10":{"start":{"line":46,"column":2},"end":{"line":46,"column":49}},"11":{"start":{"line":46,"column":21},"end":{"line":46,"column":49}},"12":{"start":{"line":47,"column":2},"end":{"line":49,"column":3}},"13":{"start":{"line":48,"column":4},"end":{"line":48,"column":22}},"14":{"start":{"line":50,"column":2},"end":{"line":52,"column":3}},"15":{"start":{"line":51,"column":4},"end":{"line":51,"column":31}},"16":{"start":{"line":53,"column":2},"end":{"line":65,"column":4}}},"fnMap":{"0":{"name":"(anonymous_0)","decl":{"start":{"line":7,"column":17},"end":{"line":7,"column":18}},"loc":{"start":{"line":10,"column":5},"end":{"line":24,"column":1}},"line":10},"1":{"name":"(anonymous_1)","decl":{"start":{"line":13,"column":38},"end":{"line":13,"column":39}},"loc":{"start":{"line":13,"column":44},"end":{"line":23,"column":3}},"line":13},"2":{"name":"(anonymous_2)","decl":{"start":{"line":26,"column":14},"end":{"line":26,"column":15}},"loc":{"start":{"line":36,"column":18},"end":{"line":66,"column":1}},"line":36}},"branchMap":{"0":{"loc":{"start":{"line":8,"column":2},"end":{"line":8,"column":48}},"type":"default-arg","locations":[{"start":{"line":8,"column":46},"end":{"line":8,"column":48}}],"line":8},"1":{"loc":{"start":{"line":12,"column":13},"end":{"line":12,"column":47}},"type":"cond-expr","locations":[{"start":{"line":12,"column":24},"end":{"line":12,"column":32}},{"start":{"line":12,"column":35},"end":{"line":12,"column":47}}],"line":12},"2":{"loc":{"start":{"line":14,"column":4},"end":{"line":18,"column":5}},"type":"if","locations":[{"start":{"line":14,"column":4},"end":{"line":18,"column":5}},{"start":{"line":14,"column":4},"end":{"line":18,"column":5}}],"line":14},"3":{"loc":{"start":{"line":14,"column":8},"end":{"line":14,"column":61}},"type":"binary-expr","locations":[{"start":{"line":14,"column":8},"end":{"line":14,"column":35}},{"start":{"line":14,"column":39},"end":{"line":14,"column":61}}],"line":14},"4":{"loc":{"start":{"line":19,"column":18},"end":{"line":21,"column":59}},"type":"cond-expr","locations":[{"start":{"line":20,"column":8},"end":{"line":20,"column":17}},{"start":{"line":21,"column":8},"end":{"line":21,"column":59}}],"line":19},"5":{"loc":{"start":{"line":46,"column":2},"end":{"line":46,"column":49}},"type":"if","locations":[{"start":{"line":46,"column":2},"end":{"line":46,"column":49}},{"start":{"line":46,"column":2},"end":{"line":46,"column":49}}],"line":46},"6":{"loc":{"start":{"line":47,"column":2},"end":{"line":49,"column":3}},"type":"if","locations":[{"start":{"line":47,"column":2},"end":{"line":49,"column":3}},{"start":{"line":47,"column":2},"end":{"line":49,"column":3}}],"line":47},"7":{"loc":{"start":{"line":47,"column":6},"end":{"line":47,"column":54}},"type":"binary-expr","locations":[{"start":{"line":47,"column":6},"end":{"line":47,"column":29}},{"start":{"line":47,"column":33},"end":{"line":47,"column":54}}],"line":47},"8":{"loc":{"start":{"line":50,"column":2},"end":{"line":52,"column":3}},"type":"if","locations":[{"start":{"line":50,"column":2},"end":{"line":52,"column":3}},{"start":{"line":50,"column":2},"end":{"line":52,"column":3}}],"line":50},"9":{"loc":{"start":{"line":55,"column":7},"end":{"line":63,"column":14}},"type":"cond-expr","locations":[{"start":{"line":56,"column":10},"end":{"line":56,"column":18}},{"start":{"line":57,"column":10},"end":{"line":63,"column":14}}],"line":55},"10":{"loc":{"start":{"line":57,"column":10},"end":{"line":63,"column":14}},"type":"cond-expr","locations":[{"start":{"line":58,"column":10},"end":{"line":62,"column":16}},{"start":{"line":63,"column":10},"end":{"line":63,"column":14}}],"line":57},"11":{"loc":{"start":{"line":58,"column":10},"end":{"line":62,"column":16}},"type":"cond-expr","locations":[{"start":{"line":59,"column":12},"end":{"line":59,"column":49}},{"start":{"line":60,"column":12},"end":{"line":62,"column":16}}],"line":58},"12":{"loc":{"start":{"line":60,"column":12},"end":{"line":62,"column":16}},"type":"cond-expr","locations":[{"start":{"line":61,"column":12},"end":{"line":61,"column":25}},{"start":{"line":62,"column":12},"end":{"line":62,"column":16}}],"line":60}},"s":{"0":2,"1":29,"2":27,"3":27,"4":27,"5":9,"6":27,"7":27,"8":2,"9":19,"10":17,"11":5,"12":17,"13":1,"14":17,"15":2,"16":17},"f":{"0":29,"1":27,"2":19},"b":{"0":[1],"1":[8,19],"2":[9,18],"3":[27,22],"4":[4,23],"5":[5,12],"6":[1,16],"7":[17,1],"8":[2,15],"9":[2,15],"10":[10,5],"11":[3,7],"12":[6,1]},"_coverageSchema":"43e27e138ebf9cfc5966b082cf9a028302ed4184","hash":"3483405616b561f894b30b43db47971a6504454a"}
,"C:\\Users\\EDZ\\OneDrive\\repo\\houter\\src\\Router.tsx": {"path":"C:\\Users\\EDZ\\OneDrive\\repo\\houter\\src\\Router.tsx","statementMap":{"0":{"start":{"line":11,"column":20},"end":{"line":23,"column":1}},"1":{"start":{"line":12,"column":16},"end":{"line":17,"column":3}},"2":{"start":{"line":18,"column":2},"end":{"line":22,"column":4}},"3":{"start":{"line":25,"column":18},"end":{"line":32,"column":1}},"4":{"start":{"line":26,"column":12},"end":{"line":26,"column":37}},"5":{"start":{"line":27,"column":2},"end":{"line":31,"column":3}},"6":{"start":{"line":28,"column":4},"end":{"line":28,"column":14}},"7":{"start":{"line":30,"column":4},"end":{"line":30,"column":66}},"8":{"start":{"line":34,"column":15},"end":{"line":52,"column":1}},"9":{"start":{"line":35,"column":28},"end":{"line":41,"column":3}},"10":{"start":{"line":36,"column":25},"end":{"line":39,"column":5}},"11":{"start":{"line":43,"column":2},"end":{"line":48,"column":9}},"12":{"start":{"line":44,"column":21},"end":{"line":46,"column":6}},"13":{"start":{"line":45,"column":6},"end":{"line":45,"column":29}},"14":{"start":{"line":47,"column":4},"end":{"line":47,"column":25}},"15":{"start":{"line":47,"column":15},"end":{"line":47,"column":25}},"16":{"start":{"line":49,"column":2},"end":{"line":51,"column":4}},"17":{"start":{"line":54,"column":19},"end":{"line":57,"column":1}},"18":{"start":{"line":55,"column":22},"end":{"line":55,"column":54}},"19":{"start":{"line":56,"column":2},"end":{"line":56,"column":59}},"20":{"start":{"line":59,"column":22},"end":{"line":62,"column":1}},"21":{"start":{"line":60,"column":25},"end":{"line":60,"column":60}},"22":{"start":{"line":61,"column":2},"end":{"line":61,"column":62}}},"fnMap":{"0":{"name":"(anonymous_0)","decl":{"start":{"line":11,"column":20},"end":{"line":11,"column":21}},"loc":{"start":{"line":11,"column":42},"end":{"line":23,"column":1}},"line":11},"1":{"name":"(anonymous_1)","decl":{"start":{"line":25,"column":18},"end":{"line":25,"column":19}},"loc":{"start":{"line":25,"column":24},"end":{"line":32,"column":1}},"line":25},"2":{"name":"(anonymous_2)","decl":{"start":{"line":34,"column":15},"end":{"line":34,"column":16}},"loc":{"start":{"line":34,"column":55},"end":{"line":52,"column":1}},"line":34},"3":{"name":"(anonymous_3)","decl":{"start":{"line":36,"column":4},"end":{"line":36,"column":5}},"loc":{"start":{"line":36,"column":25},"end":{"line":39,"column":5}},"line":36},"4":{"name":"(anonymous_4)","decl":{"start":{"line":43,"column":12},"end":{"line":43,"column":13}},"loc":{"start":{"line":43,"column":18},"end":{"line":48,"column":3}},"line":43},"5":{"name":"(anonymous_5)","decl":{"start":{"line":44,"column":36},"end":{"line":44,"column":37}},"loc":{"start":{"line":44,"column":50},"end":{"line":46,"column":5}},"line":44},"6":{"name":"(anonymous_6)","decl":{"start":{"line":47,"column":11},"end":{"line":47,"column":12}},"loc":{"start":{"line":47,"column":15},"end":{"line":47,"column":25}},"line":47},"7":{"name":"(anonymous_7)","decl":{"start":{"line":54,"column":19},"end":{"line":54,"column":20}},"loc":{"start":{"line":54,"column":72},"end":{"line":57,"column":1}},"line":54},"8":{"name":"(anonymous_8)","decl":{"start":{"line":59,"column":22},"end":{"line":59,"column":23}},"loc":{"start":{"line":59,"column":78},"end":{"line":62,"column":1}},"line":59}},"branchMap":{"0":{"loc":{"start":{"line":27,"column":2},"end":{"line":31,"column":3}},"type":"if","locations":[{"start":{"line":27,"column":2},"end":{"line":31,"column":3}},{"start":{"line":27,"column":2},"end":{"line":31,"column":3}}],"line":27}},"s":{"0":5,"1":39,"2":39,"3":5,"4":48,"5":48,"6":44,"7":4,"8":5,"9":39,"10":24,"11":39,"12":23,"13":14,"14":23,"15":6,"16":39,"17":5,"18":2,"19":2,"20":5,"21":6,"22":6},"f":{"0":39,"1":48,"2":39,"3":24,"4":23,"5":14,"6":6,"7":2,"8":6},"b":{"0":[44,4]},"_coverageSchema":"43e27e138ebf9cfc5966b082cf9a028302ed4184","hash":"f85e4dcc7df1e57160e40892fb18651de998d617"}
,"C:\\Users\\EDZ\\OneDrive\\repo\\houter\\src\\Switch.tsx": {"path":"C:\\Users\\EDZ\\OneDrive\\repo\\houter\\src\\Switch.tsx","statementMap":{"0":{"start":{"line":6,"column":15},"end":{"line":27,"column":1}},"1":{"start":{"line":7,"column":14},"end":{"line":7,"column":25}},"2":{"start":{"line":8,"column":19},"end":{"line":8,"column":49}},"3":{"start":{"line":11,"column":2},"end":{"line":19,"column":5}},"4":{"start":{"line":12,"column":4},"end":{"line":18,"column":5}},"5":{"start":{"line":13,"column":6},"end":{"line":13,"column":22}},"6":{"start":{"line":14,"column":19},"end":{"line":14,"column":55}},"7":{"start":{"line":15,"column":6},"end":{"line":17,"column":20}},"8":{"start":{"line":21,"column":2},"end":{"line":26,"column":11}}},"fnMap":{"0":{"name":"(anonymous_0)","decl":{"start":{"line":6,"column":15},"end":{"line":6,"column":16}},"loc":{"start":{"line":6,"column":39},"end":{"line":27,"column":1}},"line":6},"1":{"name":"(anonymous_1)","decl":{"start":{"line":11,"column":41},"end":{"line":11,"column":42}},"loc":{"start":{"line":11,"column":50},"end":{"line":19,"column":3}},"line":11}},"branchMap":{"0":{"loc":{"start":{"line":8,"column":19},"end":{"line":8,"column":49}},"type":"binary-expr","locations":[{"start":{"line":8,"column":19},"end":{"line":8,"column":33}},{"start":{"line":8,"column":37},"end":{"line":8,"column":49}}],"line":8},"1":{"loc":{"start":{"line":12,"column":4},"end":{"line":18,"column":5}},"type":"if","locations":[{"start":{"line":12,"column":4},"end":{"line":18,"column":5}},{"start":{"line":12,"column":4},"end":{"line":18,"column":5}}],"line":12},"2":{"loc":{"start":{"line":12,"column":8},"end":{"line":12,"column":52}},"type":"binary-expr","locations":[{"start":{"line":12,"column":8},"end":{"line":12,"column":21}},{"start":{"line":12,"column":25},"end":{"line":12,"column":52}}],"line":12},"3":{"loc":{"start":{"line":14,"column":19},"end":{"line":14,"column":55}},"type":"binary-expr","locations":[{"start":{"line":14,"column":19},"end":{"line":14,"column":35}},{"start":{"line":14,"column":39},"end":{"line":14,"column":55}}],"line":14},"4":{"loc":{"start":{"line":15,"column":14},"end":{"line":17,"column":19}},"type":"cond-expr","locations":[{"start":{"line":16,"column":10},"end":{"line":16,"column":64}},{"start":{"line":17,"column":10},"end":{"line":17,"column":19}}],"line":15},"5":{"loc":{"start":{"line":21,"column":9},"end":{"line":26,"column":10}},"type":"cond-expr","locations":[{"start":{"line":22,"column":6},"end":{"line":25,"column":8}},{"start":{"line":26,"column":6},"end":{"line":26,"column":10}}],"line":21}},"s":{"0":1,"1":6,"2":6,"3":6,"4":13,"5":8,"6":8,"7":8,"8":6},"f":{"0":6,"1":13},"b":{"0":[6,6],"1":[8,5],"2":[13,8],"3":[8,2],"4":[6,2],"5":[5,1]},"_coverageSchema":"43e27e138ebf9cfc5966b082cf9a028302ed4184","hash":"a2641ebe0f1c63d35fa8e453958ba70eeca38fcd"}
,"C:\\Users\\EDZ\\OneDrive\\repo\\houter\\src\\context.ts": {"path":"C:\\Users\\EDZ\\OneDrive\\repo\\houter\\src\\context.ts","statementMap":{"0":{"start":{"line":5,"column":22},"end":{"line":5,"column":62}}},"fnMap":{},"branchMap":{},"s":{"0":5},"f":{},"b":{},"_coverageSchema":"43e27e138ebf9cfc5966b082cf9a028302ed4184","hash":"98e8fbc643ec63d3086d7a3876e3e5bb5ef707a8"}
,"C:\\Users\\EDZ\\OneDrive\\repo\\houter\\src\\makeMatch.ts": {"path":"C:\\Users\\EDZ\\OneDrive\\repo\\houter\\src\\makeMatch.ts","statementMap":{"0":{"start":{"line":13,"column":21},"end":{"line":13,"column":23}},"1":{"start":{"line":21,"column":23},"end":{"line":36,"column":1}},"2":{"start":{"line":25,"column":14},"end":{"line":25,"column":45}},"3":{"start":{"line":26,"column":20},"end":{"line":26,"column":51}},"4":{"start":{"line":27,"column":2},"end":{"line":27,"column":46}},"5":{"start":{"line":27,"column":23},"end":{"line":27,"column":46}},"6":{"start":{"line":28,"column":27},"end":{"line":28,"column":29}},"7":{"start":{"line":29,"column":17},"end":{"line":33,"column":4}},"8":{"start":{"line":34,"column":18},"end":{"line":34,"column":52}},"9":{"start":{"line":35,"column":2},"end":{"line":35,"column":16}},"10":{"start":{"line":38,"column":25},"end":{"line":75,"column":1}},"11":{"start":{"line":42,"column":2},"end":{"line":46,"column":3}},"12":{"start":{"line":43,"column":4},"end":{"line":45,"column":6}},"13":{"start":{"line":47,"column":69},"end":{"line":47,"column":76}},"14":{"start":{"line":49,"column":16},"end":{"line":49,"column":62}},"15":{"start":{"line":51,"column":2},"end":{"line":74,"column":11}},"16":{"start":{"line":52,"column":4},"end":{"line":52,"column":27}},"17":{"start":{"line":52,"column":15},"end":{"line":52,"column":27}},"18":{"start":{"line":53,"column":4},"end":{"line":53,"column":32}},"19":{"start":{"line":53,"column":17},"end":{"line":53,"column":32}},"20":{"start":{"line":54,"column":29},"end":{"line":58,"column":6}},"21":{"start":{"line":59,"column":18},"end":{"line":59,"column":42}},"22":{"start":{"line":60,"column":4},"end":{"line":60,"column":28}},"23":{"start":{"line":60,"column":16},"end":{"line":60,"column":28}},"24":{"start":{"line":61,"column":29},"end":{"line":61,"column":34}},"25":{"start":{"line":62,"column":20},"end":{"line":62,"column":39}},"26":{"start":{"line":63,"column":4},"end":{"line":63,"column":39}},"27":{"start":{"line":63,"column":27},"end":{"line":63,"column":39}},"28":{"start":{"line":65,"column":4},"end":{"line":73,"column":6}},"29":{"start":{"line":70,"column":8},"end":{"line":70,"column":41}},"30":{"start":{"line":71,"column":8},"end":{"line":71,"column":22}}},"fnMap":{"0":{"name":"(anonymous_0)","decl":{"start":{"line":21,"column":23},"end":{"line":21,"column":24}},"loc":{"start":{"line":24,"column":43},"end":{"line":36,"column":1}},"line":24},"1":{"name":"(anonymous_1)","decl":{"start":{"line":38,"column":25},"end":{"line":38,"column":26}},"loc":{"start":{"line":41,"column":5},"end":{"line":75,"column":1}},"line":41},"2":{"name":"(anonymous_2)","decl":{"start":{"line":51,"column":22},"end":{"line":51,"column":23}},"loc":{"start":{"line":51,"column":47},"end":{"line":74,"column":3}},"line":51},"3":{"name":"(anonymous_3)","decl":{"start":{"line":69,"column":26},"end":{"line":69,"column":27}},"loc":{"start":{"line":69,"column":50},"end":{"line":72,"column":7}},"line":69}},"branchMap":{"0":{"loc":{"start":{"line":26,"column":20},"end":{"line":26,"column":51}},"type":"binary-expr","locations":[{"start":{"line":26,"column":20},"end":{"line":26,"column":30}},{"start":{"line":26,"column":35},"end":{"line":26,"column":50}}],"line":26},"1":{"loc":{"start":{"line":27,"column":2},"end":{"line":27,"column":46}},"type":"if","locations":[{"start":{"line":27,"column":2},"end":{"line":27,"column":46}},{"start":{"line":27,"column":2},"end":{"line":27,"column":46}}],"line":27},"2":{"loc":{"start":{"line":40,"column":2},"end":{"line":40,"column":37}},"type":"default-arg","locations":[{"start":{"line":40,"column":35},"end":{"line":40,"column":37}}],"line":40},"3":{"loc":{"start":{"line":42,"column":2},"end":{"line":46,"column":3}},"type":"if","locations":[{"start":{"line":42,"column":2},"end":{"line":46,"column":3}},{"start":{"line":42,"column":2},"end":{"line":46,"column":3}}],"line":42},"4":{"loc":{"start":{"line":42,"column":6},"end":{"line":42,"column":59}},"type":"binary-expr","locations":[{"start":{"line":42,"column":6},"end":{"line":42,"column":33}},{"start":{"line":42,"column":37},"end":{"line":42,"column":59}}],"line":42},"5":{"loc":{"start":{"line":47,"column":16},"end":{"line":47,"column":29}},"type":"default-arg","locations":[{"start":{"line":47,"column":24},"end":{"line":47,"column":29}}],"line":47},"6":{"loc":{"start":{"line":47,"column":31},"end":{"line":47,"column":48}},"type":"default-arg","locations":[{"start":{"line":47,"column":43},"end":{"line":47,"column":48}}],"line":47},"7":{"loc":{"start":{"line":47,"column":50},"end":{"line":47,"column":64}},"type":"default-arg","locations":[{"start":{"line":47,"column":59},"end":{"line":47,"column":64}}],"line":47},"8":{"loc":{"start":{"line":52,"column":4},"end":{"line":52,"column":27}},"type":"if","locations":[{"start":{"line":52,"column":4},"end":{"line":52,"column":27}},{"start":{"line":52,"column":4},"end":{"line":52,"column":27}}],"line":52},"9":{"loc":{"start":{"line":53,"column":4},"end":{"line":53,"column":32}},"type":"if","locations":[{"start":{"line":53,"column":4},"end":{"line":53,"column":32}},{"start":{"line":53,"column":4},"end":{"line":53,"column":32}}],"line":53},"10":{"loc":{"start":{"line":60,"column":4},"end":{"line":60,"column":28}},"type":"if","locations":[{"start":{"line":60,"column":4},"end":{"line":60,"column":28}},{"start":{"line":60,"column":4},"end":{"line":60,"column":28}}],"line":60},"11":{"loc":{"start":{"line":63,"column":4},"end":{"line":63,"column":39}},"type":"if","locations":[{"start":{"line":63,"column":4},"end":{"line":63,"column":39}},{"start":{"line":63,"column":4},"end":{"line":63,"column":39}}],"line":63},"12":{"loc":{"start":{"line":63,"column":8},"end":{"line":63,"column":25}},"type":"binary-expr","locations":[{"start":{"line":63,"column":8},"end":{"line":63,"column":13}},{"start":{"line":63,"column":17},"end":{"line":63,"column":25}}],"line":63},"13":{"loc":{"start":{"line":66,"column":11},"end":{"line":66,"column":49}},"type":"cond-expr","locations":[{"start":{"line":66,"column":40},"end":{"line":66,"column":43}},{"start":{"line":66,"column":46},"end":{"line":66,"column":49}}],"line":66},"14":{"loc":{"start":{"line":66,"column":11},"end":{"line":66,"column":37}},"type":"binary-expr","locations":[{"start":{"line":66,"column":11},"end":{"line":66,"column":23}},{"start":{"line":66,"column":27},"end":{"line":66,"column":37}}],"line":66}},"s":{"0":3,"1":3,"2":34,"3":34,"4":34,"5":26,"6":8,"7":8,"8":8,"9":8,"10":3,"11":33,"12":2,"13":33,"14":33,"15":33,"16":37,"17":2,"18":35,"19":1,"20":34,"21":34,"22":34,"23":15,"24":19,"25":19,"26":19,"27":0,"28":19,"29":2,"30":2},"f":{"0":34,"1":33,"2":37,"3":2},"b":{"0":[34,5],"1":[26,8],"2":[1],"3":[2,31],"4":[33,31],"5":[24],"6":[33],"7":[33],"8":[2,35],"9":[1,34],"10":[15,19],"11":[0,19],"12":[19,4],"13":[0,19],"14":[19,9]},"_coverageSchema":"43e27e138ebf9cfc5966b082cf9a028302ed4184","hash":"65a56e3187a76f58c321ac8bd643c70964e816f1"}
,"C:\\Users\\EDZ\\OneDrive\\repo\\houter\\src\\use-location.ts": {"path":"C:\\Users\\EDZ\\OneDrive\\repo\\houter\\src\\use-location.ts","statementMap":{"0":{"start":{"line":4,"column":20},"end":{"line":8,"column":1}},"1":{"start":{"line":5,"column":32},"end":{"line":5,"column":43}},"2":{"start":{"line":7,"column":2},"end":{"line":7,"column":51}}},"fnMap":{"0":{"name":"(anonymous_0)","decl":{"start":{"line":4,"column":20},"end":{"line":4,"column":21}},"loc":{"start":{"line":4,"column":75},"end":{"line":8,"column":1}},"line":4}},"branchMap":{},"s":{"0":2,"1":10,"2":8},"f":{"0":10},"b":{},"_coverageSchema":"43e27e138ebf9cfc5966b082cf9a028302ed4184","hash":"bfcf2aa8af37f5c7fd091a2a3fdb79eaf4fd72f1"}
}
