TN:
SF:C:\Users\EDZ\OneDrive\repo\houter\src\Link.tsx
FN:4,(anonymous_0)
FN:8,(anonymous_1)
FNF:2
FNH:2
FNDA:8,(anonymous_0)
FNDA:3,(anonymous_1)
DA:4,1
DA:5,8
DA:6,6
DA:7,6
DA:9,3
DA:10,2
DA:12,3
DA:17,6
DA:18,6
DA:23,6
LF:10
LH:10
BRDA:6,0,0,6
BRDA:6,0,1,2
BRDA:9,1,0,2
BRDA:9,1,1,1
BRDA:12,2,0,3
BRDA:12,2,1,2
BRDA:18,3,0,5
BRDA:18,3,1,1
BRF:8
BRH:8
end_of_record
TN:
SF:C:\Users\EDZ\OneDrive\repo\houter\src\Redirect.tsx
FN:4,(anonymous_0)
FN:7,(anonymous_1)
FNF:2
FNH:2
FNDA:2,(anonymous_0)
FNDA:2,(anonymous_1)
DA:4,1
DA:5,2
DA:7,2
DA:8,2
DA:9,2
DA:11,2
LF:6
LH:6
BRDA:8,0,0,2
BRDA:8,0,1,2
BRDA:9,1,0,1
BRDA:9,1,1,1
BRF:4
BRH:4
end_of_record
TN:
SF:C:\Users\EDZ\OneDrive\repo\houter\src\Route.tsx
FN:7,(anonymous_0)
FN:22,(anonymous_1)
FN:34,(anonymous_2)
FNF:3
FNH:3
FNDA:29,(anonymous_0)
FNDA:27,(anonymous_1)
FNDA:19,(anonymous_2)
DA:7,2
DA:11,29
DA:13,27
DA:14,27
DA:16,27
DA:17,9
DA:22,27
DA:23,27
DA:26,27
DA:34,2
DA:45,19
DA:54,17
DA:55,17
DA:56,1
DA:58,17
DA:59,2
DA:61,17
LF:17
LH:17
BRDA:8,0,0,1
BRDA:13,1,0,18
BRDA:13,1,1,9
BRDA:13,2,0,27
BRDA:13,2,1,22
BRDA:14,3,0,8
BRDA:14,3,1,19
BRDA:16,4,0,9
BRDA:16,4,1,18
BRDA:16,5,0,27
BRDA:16,5,1,22
BRDA:23,6,0,4
BRDA:23,6,1,23
BRDA:54,7,0,5
BRDA:54,7,1,12
BRDA:55,8,0,1
BRDA:55,8,1,16
BRDA:55,9,0,17
BRDA:55,9,1,1
BRDA:58,10,0,2
BRDA:58,10,1,15
BRDA:63,11,0,2
BRDA:63,11,1,15
BRDA:65,12,0,10
BRDA:65,12,1,5
BRDA:66,13,0,3
BRDA:66,13,1,7
BRDA:68,14,0,6
BRDA:68,14,1,1
BRF:29
BRH:29
end_of_record
TN:
SF:C:\Users\EDZ\OneDrive\repo\houter\src\Router.tsx
FN:11,(anonymous_0)
FN:25,(anonymous_1)
FN:34,(anonymous_2)
FN:36,(anonymous_3)
FN:43,(anonymous_4)
FN:44,(anonymous_5)
FN:47,(anonymous_6)
FN:54,(anonymous_7)
FN:59,(anonymous_8)
FNF:9
FNH:9
FNDA:39,(anonymous_0)
FNDA:48,(anonymous_1)
FNDA:39,(anonymous_2)
FNDA:24,(anonymous_3)
FNDA:23,(anonymous_4)
FNDA:14,(anonymous_5)
FNDA:6,(anonymous_6)
FNDA:2,(anonymous_7)
FNDA:6,(anonymous_8)
DA:11,5
DA:12,39
DA:18,39
DA:25,5
DA:26,48
DA:27,48
DA:28,44
DA:30,4
DA:34,5
DA:35,39
DA:36,24
DA:43,39
DA:44,23
DA:45,14
DA:47,23
DA:49,39
DA:54,5
DA:55,2
DA:56,2
DA:59,5
DA:60,6
DA:61,6
LF:22
LH:22
BRDA:27,0,0,44
BRDA:27,0,1,4
BRF:2
BRH:2
end_of_record
TN:
SF:C:\Users\EDZ\OneDrive\repo\houter\src\Switch.tsx
FN:6,(anonymous_0)
FN:11,(anonymous_1)
FNF:2
FNH:2
FNDA:6,(anonymous_0)
FNDA:13,(anonymous_1)
DA:6,1
DA:7,6
DA:8,6
DA:11,6
DA:12,13
DA:13,8
DA:14,8
DA:15,8
DA:21,6
LF:9
LH:9
BRDA:8,0,0,6
BRDA:8,0,1,6
BRDA:12,1,0,8
BRDA:12,1,1,5
BRDA:12,2,0,13
BRDA:12,2,1,8
BRDA:14,3,0,8
BRDA:14,3,1,2
BRDA:15,4,0,6
BRDA:15,4,1,2
BRDA:21,5,0,5
BRDA:21,5,1,1
BRF:12
BRH:12
end_of_record
TN:
SF:C:\Users\EDZ\OneDrive\repo\houter\src\context.ts
FNF:0
FNH:0
DA:5,5
LF:1
LH:1
BRF:0
BRH:0
end_of_record
TN:
SF:C:\Users\EDZ\OneDrive\repo\houter\src\makeMatch.ts
FN:21,(anonymous_0)
FN:38,(anonymous_1)
FN:51,(anonymous_2)
FN:69,(anonymous_3)
FNF:4
FNH:4
FNDA:34,(anonymous_0)
FNDA:33,(anonymous_1)
FNDA:37,(anonymous_2)
FNDA:2,(anonymous_3)
DA:13,3
DA:21,3
DA:25,34
DA:26,34
DA:27,34
DA:28,8
DA:29,8
DA:34,8
DA:35,8
DA:38,3
DA:42,33
DA:43,2
DA:47,33
DA:49,33
DA:51,33
DA:52,37
DA:53,35
DA:54,34
DA:59,34
DA:60,34
DA:61,19
DA:62,19
DA:63,19
DA:65,19
DA:70,2
DA:71,2
LF:26
LH:26
BRDA:26,0,0,34
BRDA:26,0,1,5
BRDA:27,1,0,26
BRDA:27,1,1,8
BRDA:40,2,0,1
BRDA:42,3,0,2
BRDA:42,3,1,31
BRDA:42,4,0,33
BRDA:42,4,1,31
BRDA:47,5,0,24
BRDA:47,6,0,33
BRDA:47,7,0,33
BRDA:52,8,0,2
BRDA:52,8,1,35
BRDA:53,9,0,1
BRDA:53,9,1,34
BRDA:60,10,0,15
BRDA:60,10,1,19
BRDA:63,11,0,0
BRDA:63,11,1,19
BRDA:63,12,0,19
BRDA:63,12,1,4
BRDA:66,13,0,0
BRDA:66,13,1,19
BRDA:66,14,0,19
BRDA:66,14,1,9
BRF:26
BRH:24
end_of_record
TN:
SF:C:\Users\EDZ\OneDrive\repo\houter\src\use-location.ts
FN:4,(anonymous_0)
FNF:1
FNH:1
FNDA:10,(anonymous_0)
DA:4,2
DA:5,10
DA:7,8
LF:3
LH:3
BRF:0
BRH:0
end_of_record
